<?xml version="1.0" encoding="UTF-8" ?>
<testsuites errors="0"
            failures="1"
            tests="1">

  <testsuite name="homepage.test"
    errors="0" failures="1" hostname="" id="" package="homepage.test" skipped="0"
    tests="1" time="1.407" timestamp="">
  
    <testcase name="Title is Politico" classname="homepage.test" time="1.407" assertions="2">

      <failure message="Testing if the page title equals &#34;Politico&#34; in 1000 ms. - expected [0;32m&#34;Politico&#34;[0m but got: [0;31m&#34;localhost&#34;[0m">    at Object.Title is Politico (/Users/akanniruvictory/Documents/Politico-React/src/test/e2e/homepage.test.js:7:17)
    at process._tickCallback (internal/process/next_tick.js:68:7)</failure>

    <failure message="    at Object.Title is Politico (/Users/akanniruvictory/Documents/Politico-React/src/test/e2e/homepage.test.js:7:17)">    at process._tickCallback (internal/process/next_tick.js:68:7)</failure>
    </testcase>
  

  

  
  </testsuite>
</testsuites>
